<?xml version="1.0" encoding="UTF-8"?>
<testng-results skipped="0" failed="1" total="5" passed="4">
  <reporter-output>
  </reporter-output>
  <suite name="Default suite" duration-ms="88352" started-at="2020-07-05T05:12:16Z" finished-at="2020-07-05T05:13:45Z">
    <groups>
      <group name="gup">
        <method signature="DemoTest.valdt()[pri:0, instance:Com.qa.test.DemoTest@29f69090]" name="valdt" class="Com.qa.test.DemoTest"/>
      </group> <!-- gup -->
      <group name="ujj">
        <method signature="DemoTest.A1()[pri:0, instance:Com.qa.test.DemoTest@29f69090]" name="A1" class="Com.qa.test.DemoTest"/>
        <method signature="DemoTest.login()[pri:0, instance:Com.qa.test.DemoTest@29f69090]" name="login" class="Com.qa.test.DemoTest"/>
      </group> <!-- ujj -->
      <group name="chup">
        <method signature="DemoTest.A()[pri:0, instance:Com.qa.test.DemoTest@29f69090]" name="A" class="Com.qa.test.DemoTest"/>
      </group> <!-- chup -->
    </groups>
    <test name="Default test" duration-ms="88352" started-at="2020-07-05T05:12:16Z" finished-at="2020-07-05T05:13:45Z">
      <class name="Com.qa.test.DemoTest">
        <test-method status="PASS" signature="setup()[pri:0, instance:Com.qa.test.DemoTest@29f69090]" name="setup" is-config="true" duration-ms="13752" started-at="2020-07-05T10:42:16Z" finished-at="2020-07-05T10:42:30Z">
          <reporter-output>
          </reporter-output>
        </test-method> <!-- setup -->
        <test-method status="PASS" signature="sum()[pri:0, instance:Com.qa.test.DemoTest@29f69090]" name="sum" duration-ms="8" started-at="2020-07-05T10:42:30Z" finished-at="2020-07-05T10:42:30Z">
          <reporter-output>
          </reporter-output>
        </test-method> <!-- sum -->
        <test-method status="PASS" signature="logoutt()[pri:0, instance:Com.qa.test.DemoTest@29f69090]" name="logoutt" is-config="true" duration-ms="4214" started-at="2020-07-05T10:42:30Z" finished-at="2020-07-05T10:42:34Z">
          <reporter-output>
          </reporter-output>
        </test-method> <!-- logoutt -->
        <test-method status="PASS" signature="setup()[pri:0, instance:Com.qa.test.DemoTest@29f69090]" name="setup" is-config="true" duration-ms="10826" started-at="2020-07-05T10:42:34Z" finished-at="2020-07-05T10:42:45Z">
          <reporter-output>
          </reporter-output>
        </test-method> <!-- setup -->
        <test-method status="PASS" signature="A()[pri:0, instance:Com.qa.test.DemoTest@29f69090]" name="A" duration-ms="2" started-at="2020-07-05T10:42:45Z" finished-at="2020-07-05T10:42:45Z">
          <reporter-output>
          </reporter-output>
        </test-method> <!-- A -->
        <test-method status="PASS" signature="logoutt()[pri:0, instance:Com.qa.test.DemoTest@29f69090]" name="logoutt" is-config="true" duration-ms="65" started-at="2020-07-05T10:42:45Z" finished-at="2020-07-05T10:42:45Z">
          <reporter-output>
          </reporter-output>
        </test-method> <!-- logoutt -->
        <test-method status="PASS" signature="setup()[pri:0, instance:Com.qa.test.DemoTest@29f69090]" name="setup" is-config="true" duration-ms="9093" started-at="2020-07-05T10:42:45Z" finished-at="2020-07-05T10:42:54Z">
          <reporter-output>
          </reporter-output>
        </test-method> <!-- setup -->
        <test-method status="PASS" signature="A1()[pri:0, instance:Com.qa.test.DemoTest@29f69090]" name="A1" duration-ms="1" started-at="2020-07-05T10:42:54Z" finished-at="2020-07-05T10:42:54Z">
          <reporter-output>
          </reporter-output>
        </test-method> <!-- A1 -->
        <test-method status="PASS" signature="logoutt()[pri:0, instance:Com.qa.test.DemoTest@29f69090]" name="logoutt" is-config="true" duration-ms="4320" started-at="2020-07-05T10:42:54Z" finished-at="2020-07-05T10:42:59Z">
          <reporter-output>
          </reporter-output>
        </test-method> <!-- logoutt -->
        <test-method status="PASS" signature="setup()[pri:0, instance:Com.qa.test.DemoTest@29f69090]" name="setup" is-config="true" duration-ms="8078" started-at="2020-07-05T10:42:59Z" finished-at="2020-07-05T10:43:07Z">
          <reporter-output>
          </reporter-output>
        </test-method> <!-- setup -->
        <test-method status="PASS" signature="login()[pri:0, instance:Com.qa.test.DemoTest@29f69090]" name="login" duration-ms="165" started-at="2020-07-05T10:43:07Z" finished-at="2020-07-05T10:43:07Z">
          <reporter-output>
          </reporter-output>
        </test-method> <!-- login -->
        <test-method status="PASS" signature="logoutt()[pri:0, instance:Com.qa.test.DemoTest@29f69090]" name="logoutt" is-config="true" duration-ms="110" started-at="2020-07-05T10:43:07Z" finished-at="2020-07-05T10:43:07Z">
          <reporter-output>
          </reporter-output>
        </test-method> <!-- logoutt -->
        <test-method status="PASS" signature="setup()[pri:0, instance:Com.qa.test.DemoTest@29f69090]" name="setup" is-config="true" duration-ms="7467" started-at="2020-07-05T10:43:07Z" finished-at="2020-07-05T10:43:15Z">
          <reporter-output>
          </reporter-output>
        </test-method> <!-- setup -->
        <test-method status="FAIL" signature="valdt()[pri:0, instance:Com.qa.test.DemoTest@29f69090]" name="valdt" duration-ms="30080" started-at="2020-07-05T10:43:15Z" finished-at="2020-07-05T10:43:45Z">
          <exception class="org.openqa.selenium.NoSuchElementException">
            <message>
              <![CDATA[no such element: Unable to locate element: {"method":"xpath","selector":"/html/body/header/div/div/divul/li[1]"}
  (Session info: chrome=83.0.4103.116)
For documentation on this error, please visit: https://www.seleniumhq.org/exceptions/no_such_element.html
Build info: version: '3.141.59', revision: 'e82be7d358', time: '2018-11-14T08:17:03'
System info: host: 'DESKTOP-7RM1ST6', ip: '172.20.10.3', os.name: 'Windows 10', os.arch: 'amd64', os.version: '10.0', java.version: '1.8.0_251'
Driver info: org.openqa.selenium.chrome.ChromeDriver
Capabilities {acceptInsecureCerts: false, browserName: chrome, browserVersion: 83.0.4103.116, chrome: {chromedriverVersion: 83.0.4103.39 (ccbf011cb2d2b..., userDataDir: C:\Users\UJJWAL~1\AppData\L...}, goog:chromeOptions: {debuggerAddress: localhost:59650}, javascriptEnabled: true, networkConnectionEnabled: false, pageLoadStrategy: normal, platform: WINDOWS, platformName: WINDOWS, proxy: Proxy(), setWindowRect: true, strictFileInteractability: false, timeouts: {implicit: 0, pageLoad: 300000, script: 30000}, unhandledPromptBehavior: dismiss and notify, webauthn:virtualAuthenticators: true}
Session ID: c2cead78289d71df9860e8f180095de0
*** Element info: {Using=xpath, value=/html/body/header/div/div/divul/li[1]}]]>
            </message>
            <full-stacktrace>
              <![CDATA[org.openqa.selenium.NoSuchElementException: no such element: Unable to locate element: {"method":"xpath","selector":"/html/body/header/div/div/divul/li[1]"}
  (Session info: chrome=83.0.4103.116)
For documentation on this error, please visit: https://www.seleniumhq.org/exceptions/no_such_element.html
Build info: version: '3.141.59', revision: 'e82be7d358', time: '2018-11-14T08:17:03'
System info: host: 'DESKTOP-7RM1ST6', ip: '172.20.10.3', os.name: 'Windows 10', os.arch: 'amd64', os.version: '10.0', java.version: '1.8.0_251'
Driver info: org.openqa.selenium.chrome.ChromeDriver
Capabilities {acceptInsecureCerts: false, browserName: chrome, browserVersion: 83.0.4103.116, chrome: {chromedriverVersion: 83.0.4103.39 (ccbf011cb2d2b..., userDataDir: C:\Users\UJJWAL~1\AppData\L...}, goog:chromeOptions: {debuggerAddress: localhost:59650}, javascriptEnabled: true, networkConnectionEnabled: false, pageLoadStrategy: normal, platform: WINDOWS, platformName: WINDOWS, proxy: Proxy(), setWindowRect: true, strictFileInteractability: false, timeouts: {implicit: 0, pageLoad: 300000, script: 30000}, unhandledPromptBehavior: dismiss and notify, webauthn:virtualAuthenticators: true}
Session ID: c2cead78289d71df9860e8f180095de0
*** Element info: {Using=xpath, value=/html/body/header/div/div/divul/li[1]}
	at sun.reflect.NativeConstructorAccessorImpl.newInstance0(Native Method)
	at sun.reflect.NativeConstructorAccessorImpl.newInstance(NativeConstructorAccessorImpl.java:62)
	at sun.reflect.DelegatingConstructorAccessorImpl.newInstance(DelegatingConstructorAccessorImpl.java:45)
	at java.lang.reflect.Constructor.newInstance(Constructor.java:423)
	at org.openqa.selenium.remote.http.W3CHttpResponseCodec.createException(W3CHttpResponseCodec.java:187)
	at org.openqa.selenium.remote.http.W3CHttpResponseCodec.decode(W3CHttpResponseCodec.java:122)
	at org.openqa.selenium.remote.http.W3CHttpResponseCodec.decode(W3CHttpResponseCodec.java:49)
	at org.openqa.selenium.remote.HttpCommandExecutor.execute(HttpCommandExecutor.java:158)
	at org.openqa.selenium.remote.service.DriverCommandExecutor.execute(DriverCommandExecutor.java:83)
	at org.openqa.selenium.remote.RemoteWebDriver.execute(RemoteWebDriver.java:552)
	at org.openqa.selenium.remote.RemoteWebDriver.findElement(RemoteWebDriver.java:323)
	at org.openqa.selenium.remote.RemoteWebDriver.findElementByXPath(RemoteWebDriver.java:428)
	at org.openqa.selenium.By$ByXPath.findElement(By.java:353)
	at org.openqa.selenium.remote.RemoteWebDriver.findElement(RemoteWebDriver.java:315)
	at Com.qa.test.DemoTest.valdt(DemoTest.java:40)
	at sun.reflect.NativeMethodAccessorImpl.invoke0(Native Method)
	at sun.reflect.NativeMethodAccessorImpl.invoke(NativeMethodAccessorImpl.java:62)
	at sun.reflect.DelegatingMethodAccessorImpl.invoke(DelegatingMethodAccessorImpl.java:43)
	at java.lang.reflect.Method.invoke(Method.java:498)
	at org.testng.internal.MethodInvocationHelper.invokeMethod(MethodInvocationHelper.java:80)
	at org.testng.internal.Invoker.invokeMethod(Invoker.java:714)
	at org.testng.internal.Invoker.invokeTestMethod(Invoker.java:901)
	at org.testng.internal.Invoker.invokeTestMethods(Invoker.java:1231)
	at org.testng.internal.TestMethodWorker.invokeTestMethods(TestMethodWorker.java:127)
	at org.testng.internal.TestMethodWorker.run(TestMethodWorker.java:111)
	at org.testng.TestRunner.privateRun(TestRunner.java:767)
	at org.testng.TestRunner.run(TestRunner.java:617)
	at org.testng.SuiteRunner.runTest(SuiteRunner.java:334)
	at org.testng.SuiteRunner.runSequentially(SuiteRunner.java:329)
	at org.testng.SuiteRunner.privateRun(SuiteRunner.java:291)
	at org.testng.SuiteRunner.run(SuiteRunner.java:240)
	at org.testng.SuiteRunnerWorker.runSuite(SuiteRunnerWorker.java:52)
	at org.testng.SuiteRunnerWorker.run(SuiteRunnerWorker.java:86)
	at org.testng.TestNG.runSuitesSequentially(TestNG.java:1198)
	at org.testng.TestNG.runSuitesLocally(TestNG.java:1123)
	at org.testng.TestNG.run(TestNG.java:1031)
	at org.testng.remote.AbstractRemoteTestNG.run(AbstractRemoteTestNG.java:115)
	at org.testng.remote.RemoteTestNG.initAndRun(RemoteTestNG.java:251)
	at org.testng.remote.RemoteTestNG.main(RemoteTestNG.java:77)
]]>
            </full-stacktrace>
          </exception> <!-- org.openqa.selenium.NoSuchElementException -->
          <reporter-output>
          </reporter-output>
        </test-method> <!-- valdt -->
        <test-method status="PASS" signature="logoutt()[pri:0, instance:Com.qa.test.DemoTest@29f69090]" name="logoutt" is-config="true" duration-ms="153" started-at="2020-07-05T10:43:45Z" finished-at="2020-07-05T10:43:45Z">
          <reporter-output>
          </reporter-output>
        </test-method> <!-- logoutt -->
      </class> <!-- Com.qa.test.DemoTest -->
    </test> <!-- Default test -->
  </suite> <!-- Default suite -->
</testng-results>
